2025-08-15 18:17:09 - INFO - --- Démarrage du collecteur de données ---
2025-08-15 18:17:09 - INFO - Dossier /data créé.
2025-08-15 18:17:09 - INFO - 94 tickers à traiter.
2025-08-15 18:17:10 - INFO - OK - Données pour AAPL sauvegardées.
2025-08-15 18:17:10 - INFO - OK - Données pour MSFT sauvegardées.
2025-08-15 18:17:10 - INFO - OK - Données pour GOOGL sauvegardées.
2025-08-15 18:17:10 - INFO - OK - Données pour GOOG sauvegardées.
2025-08-15 18:17:10 - INFO - OK - Données pour AMZN sauvegardées.
2025-08-15 18:17:11 - INFO - OK - Données pour NVDA sauvegardées.
2025-08-15 18:17:11 - INFO - OK - Données pour META sauvegardées.
2025-08-15 18:17:11 - INFO - OK - Données pour TSLA sauvegardées.
2025-08-15 18:17:11 - INFO - OK - Données pour AVGO sauvegardées.
2025-08-15 18:17:11 - INFO - OK - Données pour ASML sauvegardées.
2025-08-15 18:17:11 - INFO - OK - Données pour ADBE sauvegardées.
2025-08-15 18:17:12 - INFO - OK - Données pour CRM sauvegardées.
2025-08-15 18:17:12 - INFO - OK - Données pour AMD sauvegardées.
2025-08-15 18:17:12 - INFO - OK - Données pour INTC sauvegardées.
2025-08-15 18:17:12 - INFO - OK - Données pour QCOM sauvegardées.
2025-08-15 18:17:12 - INFO - OK - Données pour CSCO sauvegardées.
2025-08-15 18:17:12 - INFO - OK - Données pour ORCL sauvegardées.
2025-08-15 18:17:13 - INFO - OK - Données pour IBM sauvegardées.
2025-08-15 18:17:13 - INFO - OK - Données pour TXN sauvegardées.
2025-08-15 18:17:13 - INFO - OK - Données pour MU sauvegardées.
2025-08-15 18:17:13 - INFO - OK - Données pour AMAT sauvegardées.
2025-08-15 18:17:13 - INFO - OK - Données pour LRCX sauvegardées.
2025-08-15 18:17:14 - INFO - OK - Données pour NFLX sauvegardées.
2025-08-15 18:17:14 - INFO - OK - Données pour DIS sauvegardées.
2025-08-15 18:17:14 - INFO - OK - Données pour VZ sauvegardées.
2025-08-15 18:17:14 - INFO - OK - Données pour T sauvegardées.
2025-08-15 18:17:15 - INFO - OK - Données pour JPM sauvegardées.
2025-08-15 18:17:15 - INFO - OK - Données pour V sauvegardées.
2025-08-15 18:17:15 - INFO - OK - Données pour MA sauvegardées.
2025-08-15 18:17:15 - INFO - OK - Données pour BAC sauvegardées.
2025-08-15 18:17:15 - INFO - OK - Données pour WFC sauvegardées.
2025-08-15 18:17:16 - INFO - OK - Données pour GS sauvegardées.
2025-08-15 18:17:17 - INFO - OK - Données pour MS sauvegardées.
2025-08-15 18:17:17 - INFO - OK - Données pour AXP sauvegardées.
2025-08-15 18:17:17 - INFO - OK - Données pour BLK sauvegardées.
2025-08-15 18:17:17 - INFO - OK - Données pour PYPL sauvegardées.
2025-08-15 18:17:18 - ERROR - 
1 Failed download:
2025-08-15 18:17:18 - ERROR - ['SQ']: YFPricesMissingError('possibly delisted; no price data found  (period=10y) (Yahoo error = "No data found, symbol may be delisted")')
2025-08-15 18:17:18 - WARNING - Aucune donnée reçue pour SQ. Ignoré.
2025-08-15 18:17:18 - INFO - OK - Données pour COIN sauvegardées.
2025-08-15 18:17:18 - INFO - OK - Données pour SPGI sauvegardées.
2025-08-15 18:17:18 - INFO - OK - Données pour PLD sauvegardées.
2025-08-15 18:17:19 - INFO - OK - Données pour UNH sauvegardées.
2025-08-15 18:17:19 - INFO - OK - Données pour JNJ sauvegardées.
2025-08-15 18:17:19 - INFO - OK - Données pour LLY sauvegardées.
2025-08-15 18:17:19 - INFO - OK - Données pour PFE sauvegardées.
2025-08-15 18:17:20 - INFO - OK - Données pour MRK sauvegardées.
2025-08-15 18:17:20 - INFO - OK - Données pour ABBV sauvegardées.
2025-08-15 18:17:20 - INFO - OK - Données pour TMO sauvegardées.
2025-08-15 18:17:20 - INFO - OK - Données pour DHR sauvegardées.
2025-08-15 18:17:20 - INFO - OK - Données pour ABT sauvegardées.
2025-08-15 18:17:21 - INFO - OK - Données pour BMY sauvegardées.
2025-08-15 18:17:21 - INFO - OK - Données pour ISRG sauvegardées.
2025-08-15 18:17:21 - INFO - OK - Données pour VRTX sauvegardées.
2025-08-15 18:17:21 - INFO - OK - Données pour HD sauvegardées.
2025-08-15 18:17:22 - INFO - OK - Données pour MCD sauvegardées.
2025-08-15 18:17:22 - INFO - OK - Données pour NKE sauvegardées.
2025-08-15 18:17:22 - INFO - OK - Données pour SBUX sauvegardées.
2025-08-15 18:17:22 - INFO - OK - Données pour LOW sauvegardées.
2025-08-15 18:17:23 - INFO - OK - Données pour BKNG sauvegardées.
2025-08-15 18:17:24 - INFO - OK - Données pour TGT sauvegardées.
2025-08-15 18:17:24 - INFO - OK - Données pour CMG sauvegardées.
2025-08-15 18:17:25 - INFO - OK - Données pour WMT sauvegardées.
2025-08-15 18:17:25 - INFO - OK - Données pour PG sauvegardées.
2025-08-15 18:17:25 - INFO - OK - Données pour KO sauvegardées.
2025-08-15 18:17:26 - INFO - OK - Données pour PEP sauvegardées.
2025-08-15 18:17:26 - INFO - OK - Données pour COST sauvegardées.
2025-08-15 18:17:26 - INFO - OK - Données pour CAT sauvegardées.
2025-08-15 18:17:27 - INFO - OK - Données pour BA sauvegardées.
2025-08-15 18:17:28 - INFO - OK - Données pour HON sauvegardées.
2025-08-15 18:17:28 - INFO - OK - Données pour GE sauvegardées.
2025-08-15 18:17:29 - INFO - OK - Données pour DE sauvegardées.
2025-08-15 18:17:30 - INFO - OK - Données pour RTX sauvegardées.
2025-08-15 18:17:31 - INFO - OK - Données pour LMT sauvegardées.
2025-08-15 18:17:31 - INFO - OK - Données pour UPS sauvegardées.
2025-08-15 18:17:31 - INFO - OK - Données pour FDX sauvegardées.
2025-08-15 18:17:31 - INFO - OK - Données pour XOM sauvegardées.
2025-08-15 18:17:31 - INFO - OK - Données pour CVX sauvegardées.
2025-08-15 18:17:32 - INFO - OK - Données pour SHEL sauvegardées.
2025-08-15 18:17:32 - INFO - OK - Données pour LIN sauvegardées.
2025-08-15 18:17:32 - INFO - OK - Données pour BHP sauvegardées.
2025-08-15 18:17:32 - INFO - OK - Données pour BTC-USD sauvegardées.
2025-08-15 18:17:32 - INFO - OK - Données pour ETH-USD sauvegardées.
2025-08-15 18:17:32 - INFO - OK - Données pour BNB-USD sauvegardées.
2025-08-15 18:17:33 - INFO - OK - Données pour SOL-USD sauvegardées.
2025-08-15 18:17:33 - INFO - OK - Données pour XRP-USD sauvegardées.
2025-08-15 18:17:33 - INFO - OK - Données pour USDC-USD sauvegardées.
2025-08-15 18:17:33 - INFO - OK - Données pour ADA-USD sauvegardées.
2025-08-15 18:17:34 - INFO - OK - Données pour DOGE-USD sauvegardées.
2025-08-15 18:17:34 - INFO - OK - Données pour AVAX-USD sauvegardées.
2025-08-15 18:17:35 - INFO - OK - Données pour DOT1-USD sauvegardées.
2025-08-15 18:17:35 - INFO - OK - Données pour LINK-USD sauvegardées.
2025-08-15 18:17:35 - INFO - OK - Données pour MATIC-USD sauvegardées.
2025-08-15 18:17:36 - INFO - OK - Données pour SHIB-USD sauvegardées.
2025-08-15 18:17:36 - INFO - OK - Données pour TRX-USD sauvegardées.
2025-08-15 18:17:37 - INFO - OK - Données pour LTC-USD sauvegardées.
2025-08-15 18:17:37 - INFO - --- Fin du cycle de collecte ---
2025-08-15 18:17:37 - INFO - Résumé : 93 succès, 1 échecs.
